<?xml version="1.0" encoding="UTF-8"?>
<robot generator="Robot 4.1.3 (Python 3.7.5 on darwin)" generated="20220414 23:07:05.533" rpa="true" schemaversion="2">
<suite id="s1" name="Tasks" source="/Volumes/GoogleDrive/My Drive/Code/VScode/Seattle/tasks.robot">
<test id="s1-t1" name="Minimal task">
<kw name="dTest">
<kw name="Open Browser" library="sl">
<arg>url=https://sa.www4.irs.gov/modiein/individual/index.jsp</arg>
<arg>browser=chrome</arg>
<arg>desired_capabilities="browser_version":"80.0"</arg>
<arg>options=add_argument('--disable-blink-features=AutomationControlled')</arg>
<doc>Opens a new browser instance to the optional ``url``.</doc>
<msg timestamp="20220414 23:07:06.921" level="INFO">Opening browser 'chrome' to base url 'https://sa.www4.irs.gov/modiein/individual/index.jsp'.</msg>
<status status="PASS" starttime="20220414 23:07:06.921" endtime="20220414 23:07:09.771"/>
</kw>
<kw name="Create Dictionary" library="BuiltIn">
<var>${myDic}</var>
<arg>{'disable-popup-blocking',</arg>
<arg>'enable-automation'}</arg>
<doc>Creates and returns a dictionary based on the given ``items``.</doc>
<msg timestamp="20220414 23:07:09.772" level="INFO">${myDic} = {"{'disable-popup-blocking',": "'enable-automation'}"}</msg>
<status status="PASS" starttime="20220414 23:07:09.772" endtime="20220414 23:07:09.772"/>
</kw>
<kw name="Evaluate" library="BuiltIn">
<var>${chrome options}</var>
<arg>sys.modules['selenium.webdriver'].ChromeOptions()</arg>
<arg>sys, selenium.webdriver</arg>
<doc>Evaluates the given expression in Python and returns the result.</doc>
<msg timestamp="20220414 23:07:09.773" level="INFO">${chrome options} = &lt;selenium.webdriver.chrome.options.Options object at 0x7ff02875e410&gt;</msg>
<status status="PASS" starttime="20220414 23:07:09.773" endtime="20220414 23:07:09.773"/>
</kw>
<kw name="Call Method" library="BuiltIn">
<arg>new</arg>
<arg>${chrome options}</arg>
<arg>add_experimental_option</arg>
<arg>excludeSwitches</arg>
<arg>"Arrays_asList('disable-popup-blocking', 'enable-automation')"</arg>
<doc>Calls the named method of the given object with the provided arguments.</doc>
<msg timestamp="20220414 23:07:09.774" level="FAIL">TypeError: getattr(): attribute name must be string</msg>
<status status="FAIL" starttime="20220414 23:07:09.773" endtime="20220414 23:07:09.774"/>
</kw>
<kw name="Create Webdriver" library="sl">
<arg>Chrome</arg>
<arg>chrome_options=${chrome options}</arg>
<doc>Creates an instance of Selenium WebDriver.</doc>
<status status="NOT RUN" starttime="20220414 23:07:09.775" endtime="20220414 23:07:09.775"/>
</kw>
<kw name="Go To" library="sl">
<arg>https://sa.www4.irs.gov/modiein/individual/index.jsp</arg>
<doc>Navigates the current browser window to the provided ``url``.</doc>
<status status="NOT RUN" starttime="20220414 23:07:09.775" endtime="20220414 23:07:09.775"/>
</kw>
<kw name="Sleep" library="BuiltIn">
<arg>1</arg>
<doc>Pauses the test executed for the given time.</doc>
<status status="NOT RUN" starttime="20220414 23:07:09.775" endtime="20220414 23:07:09.775"/>
</kw>
<kw name="Press Keys" library="dt">
<arg>ESC</arg>
<doc>Press multiple keys down simultaneously.</doc>
<status status="NOT RUN" starttime="20220414 23:07:09.776" endtime="20220414 23:07:09.776"/>
</kw>
<kw name="Sleep" library="BuiltIn">
<arg>1</arg>
<doc>Pauses the test executed for the given time.</doc>
<status status="NOT RUN" starttime="20220414 23:07:09.776" endtime="20220414 23:07:09.776"/>
</kw>
<kw name="Click Element" library="sl">
<arg>xpath://input[@name='submit']</arg>
<doc>Click the element identified by ``locator``.</doc>
<status status="NOT RUN" starttime="20220414 23:07:09.776" endtime="20220414 23:07:09.776"/>
</kw>
<kw name="Sleep" library="BuiltIn">
<arg>1</arg>
<doc>Pauses the test executed for the given time.</doc>
<status status="NOT RUN" starttime="20220414 23:07:09.776" endtime="20220414 23:07:09.776"/>
</kw>
<kw name="Click Element" library="sl">
<arg>xpath://input[@id='sole']</arg>
<doc>Click the element identified by ``locator``.</doc>
<status status="NOT RUN" starttime="20220414 23:07:09.776" endtime="20220414 23:07:09.777"/>
</kw>
<kw name="Sleep" library="BuiltIn">
<arg>1</arg>
<doc>Pauses the test executed for the given time.</doc>
<status status="NOT RUN" starttime="20220414 23:07:09.777" endtime="20220414 23:07:09.777"/>
</kw>
<kw name="Click Element" library="sl">
<arg>xpath://div[@id='individual-leftcontent']/form/div[16]/input</arg>
<doc>Click the element identified by ``locator``.</doc>
<status status="NOT RUN" starttime="20220414 23:07:09.777" endtime="20220414 23:07:09.777"/>
</kw>
<kw name="Sleep" library="BuiltIn">
<arg>1</arg>
<doc>Pauses the test executed for the given time.</doc>
<status status="NOT RUN" starttime="20220414 23:07:09.777" endtime="20220414 23:07:09.777"/>
</kw>
<kw name="Click Element" library="sl">
<arg>xpath://input[@id='sole']</arg>
<doc>Click the element identified by ``locator``.</doc>
<status status="NOT RUN" starttime="20220414 23:07:09.777" endtime="20220414 23:07:09.777"/>
</kw>
<kw name="Sleep" library="BuiltIn">
<arg>1</arg>
<doc>Pauses the test executed for the given time.</doc>
<status status="NOT RUN" starttime="20220414 23:07:09.778" endtime="20220414 23:07:09.778"/>
</kw>
<kw name="Click Element" library="sl">
<arg>xpath:(//input[@name='Submit'])[2]</arg>
<doc>Click the element identified by ``locator``.</doc>
<status status="NOT RUN" starttime="20220414 23:07:09.778" endtime="20220414 23:07:09.778"/>
</kw>
<kw name="Sleep" library="BuiltIn">
<arg>1</arg>
<doc>Pauses the test executed for the given time.</doc>
<status status="NOT RUN" starttime="20220414 23:07:09.778" endtime="20220414 23:07:09.778"/>
</kw>
<kw name="Click Element" library="sl">
<arg>xpath://div[@id='individual-leftcontent']/form/div[2]/input</arg>
<doc>Click the element identified by ``locator``.</doc>
<status status="NOT RUN" starttime="20220414 23:07:09.778" endtime="20220414 23:07:09.778"/>
</kw>
<kw name="Sleep" library="BuiltIn">
<arg>1</arg>
<doc>Pauses the test executed for the given time.</doc>
<status status="NOT RUN" starttime="20220414 23:07:09.778" endtime="20220414 23:07:09.779"/>
</kw>
<kw name="Click Element" library="sl">
<arg>xpath://label[contains(.,'Started a new business')]/../input</arg>
<doc>Click the element identified by ``locator``.</doc>
<status status="NOT RUN" starttime="20220414 23:07:09.779" endtime="20220414 23:07:09.780"/>
</kw>
<kw name="Sleep" library="BuiltIn">
<arg>1</arg>
<doc>Pauses the test executed for the given time.</doc>
<status status="NOT RUN" starttime="20220414 23:07:09.780" endtime="20220414 23:07:09.780"/>
</kw>
<kw name="Click Element" library="sl">
<arg>xpath://div[@id='individual-leftcontent']/form/div[11]/input</arg>
<doc>Click the element identified by ``locator``.</doc>
<status status="NOT RUN" starttime="20220414 23:07:09.780" endtime="20220414 23:07:09.780"/>
</kw>
<kw name="Sleep" library="BuiltIn">
<arg>1</arg>
<doc>Pauses the test executed for the given time.</doc>
<status status="NOT RUN" starttime="20220414 23:07:09.780" endtime="20220414 23:07:09.780"/>
</kw>
<kw name="Input Text" library="sl">
<arg>xpath://input[@id='applicantFirstName']</arg>
<arg>Colby</arg>
<doc>Types the given ``text`` into the text field identified by ``locator``.</doc>
<status status="NOT RUN" starttime="20220414 23:07:09.780" endtime="20220414 23:07:09.780"/>
</kw>
<kw name="Input Text" library="sl">
<arg>xpath://div[@id='individual-leftcontent']/form/div[2]/table/tbody/tr[3]/td[2]/input</arg>
<arg>Worthington</arg>
<doc>Types the given ``text`` into the text field identified by ``locator``.</doc>
<status status="NOT RUN" starttime="20220414 23:07:09.781" endtime="20220414 23:07:09.781"/>
</kw>
<kw name="Input Text" library="sl">
<arg>xpath://input[@id='applicantSSN3']</arg>
<arg>123</arg>
<doc>Types the given ``text`` into the text field identified by ``locator``.</doc>
<status status="NOT RUN" starttime="20220414 23:07:09.781" endtime="20220414 23:07:09.781"/>
</kw>
<kw name="Input Text" library="sl">
<arg>xpath://input[@id='applicantSSN2']</arg>
<arg>62</arg>
<doc>Types the given ``text`` into the text field identified by ``locator``.</doc>
<status status="NOT RUN" starttime="20220414 23:07:09.781" endtime="20220414 23:07:09.781"/>
</kw>
<kw name="Input Text" library="sl">
<arg>xpath://input[@id='applicantSSN4']</arg>
<arg>7283</arg>
<doc>Types the given ``text`` into the text field identified by ``locator``.</doc>
<status status="NOT RUN" starttime="20220414 23:07:09.781" endtime="20220414 23:07:09.781"/>
</kw>
<kw name="Click Element" library="sl">
<arg>xpath://input[@id='iamsole']</arg>
<doc>Click the element identified by ``locator``.</doc>
<status status="NOT RUN" starttime="20220414 23:07:09.782" endtime="20220414 23:07:09.782"/>
</kw>
<kw name="Sleep" library="BuiltIn">
<arg>1</arg>
<doc>Pauses the test executed for the given time.</doc>
<status status="NOT RUN" starttime="20220414 23:07:09.782" endtime="20220414 23:07:09.782"/>
</kw>
<kw name="Click Element" library="sl">
<arg>xpath://input[@name='Submit2']</arg>
<doc>Click the element identified by ``locator``.</doc>
<status status="NOT RUN" starttime="20220414 23:07:09.782" endtime="20220414 23:07:09.782"/>
</kw>
<kw name="Sleep" library="BuiltIn">
<arg>1</arg>
<doc>Pauses the test executed for the given time.</doc>
<status status="NOT RUN" starttime="20220414 23:07:09.782" endtime="20220414 23:07:09.782"/>
</kw>
<kw name="Screenshot" library="sl">
<doc>Capture page and/or element screenshot.</doc>
<status status="NOT RUN" starttime="20220414 23:07:09.783" endtime="20220414 23:07:09.783"/>
</kw>
<status status="FAIL" starttime="20220414 23:07:06.920" endtime="20220414 23:07:09.783"/>
</kw>
<kw name="Log" library="BuiltIn">
<arg>Done.</arg>
<doc>Logs the given message with the given level.</doc>
<status status="NOT RUN" starttime="20220414 23:07:09.784" endtime="20220414 23:07:09.784"/>
</kw>
<status status="FAIL" starttime="20220414 23:07:06.919" endtime="20220414 23:07:09.784">TypeError: getattr(): attribute name must be string</status>
</test>
<doc>Template robot main suite.</doc>
<status status="FAIL" starttime="20220414 23:07:05.534" endtime="20220414 23:07:09.785"/>
</suite>
<statistics>
<total>
<stat pass="0" fail="1" skip="0">All Tasks</stat>
</total>
<tag>
</tag>
<suite>
<stat pass="0" fail="1" skip="0" id="s1" name="Tasks">Tasks</stat>
</suite>
</statistics>
<errors>
</errors>
</robot>
